WARNING:tensorflow:
The TensorFlow contrib module will not be included in TensorFlow 2.0.
For more information, please see:
  * https://github.com/tensorflow/community/blob/master/rfcs/20180907-contrib-sunset.md
  * https://github.com/tensorflow/addons
  * https://github.com/tensorflow/io (for I/O related ops)
If you depend on functionality not listed there, please file an issue.

{'env_type': 'mujoco', 'env_id': 'Swimmer-v3', 'agent': 'RCS', 'layer_norm': False, 'evaluation': True, 'seed': 0, 'comment': 'swimmer_rcs_0', 'gamma': 0.99, 'num_timesteps': 400001, 'max_steps': 1000, 'delay_step': 0, 'order': 1, 'grid_num': 10, 'decay': 0.1, 'state_min': -10.0, 'state_max': 10.0, 'mode': 'state_action'}
Logging to ./log_gem/mujoco/rcs_1/swimmer_rcs_0
max_step:  1000
Box(-inf, inf, (8,), float64) Box(-1.0, 1.0, (2,), float32)
max_step:  1000
seed=0, logdir=./log_gem/mujoco/rcs_1/swimmer_rcs_0
/home/lizhuo/miniconda/envs/gem/lib/python3.7/site-packages/sklearn/utils/deprecation.py:143: FutureWarning: The sklearn.manifold.t_sne module is  deprecated in version 0.22 and will be removed in version 0.24. The corresponding classes / functions should instead be imported from sklearn.manifold. Anything that cannot be imported from sklearn.manifold is now part of the private API.
  warnings.warn(message, FutureWarning)
WARNING:tensorflow:From /home/lizhuo/workspace/GEM/gem_mujoco/run/train.py:32: The name tf.reset_default_graph is deprecated. Please use tf.compat.v1.reset_default_graph instead.

WARNING:tensorflow:From /home/lizhuo/workspace/GEM/gem_mujoco/stable_baselines/common/misc_util.py:26: The name tf.set_random_seed is deprecated. Please use tf.compat.v1.set_random_seed instead.

WARNING:tensorflow:From /home/lizhuo/workspace/GEM/gem_mujoco/stable_baselines/common/tf_util.py:191: The name tf.ConfigProto is deprecated. Please use tf.compat.v1.ConfigProto instead.

WARNING:tensorflow:From /home/lizhuo/workspace/GEM/gem_mujoco/stable_baselines/common/tf_util.py:200: The name tf.Session is deprecated. Please use tf.compat.v1.Session instead.

2022-05-08 01:26:13.086625: I tensorflow/core/platform/cpu_feature_guard.cc:142] Your CPU supports instructions that this TensorFlow binary was not compiled to use: AVX2 AVX512F FMA
2022-05-08 01:26:13.103379: I tensorflow/core/platform/profile_utils/cpu_utils.cc:94] CPU Frequency: 3299990000 Hz
2022-05-08 01:26:13.104072: I tensorflow/compiler/xla/service/service.cc:168] XLA service 0x5643b5b592d0 initialized for platform Host (this does not guarantee that XLA will be used). Devices:
2022-05-08 01:26:13.104140: I tensorflow/compiler/xla/service/service.cc:176]   StreamExecutor device (0): Host, Default Version
WARNING:tensorflow:From /home/lizhuo/workspace/GEM/gem_mujoco/stable_baselines/td3/td3_mem_rcs.py:107: The name tf.variable_scope is deprecated. Please use tf.compat.v1.variable_scope instead.

WARNING:tensorflow:From /home/lizhuo/workspace/GEM/gem_mujoco/stable_baselines/common/input.py:25: The name tf.placeholder is deprecated. Please use tf.compat.v1.placeholder instead.

WARNING:tensorflow:From /home/lizhuo/workspace/GEM/gem_mujoco/stable_baselines/td3/policies.py:283: flatten (from tensorflow.python.layers.core) is deprecated and will be removed in a future version.
Instructions for updating:
Use keras.layers.flatten instead.
WARNING:tensorflow:From /home/lizhuo/miniconda/envs/gem/lib/python3.7/site-packages/tensorflow_core/python/layers/core.py:332: Layer.apply (from tensorflow.python.keras.engine.base_layer) is deprecated and will be removed in a future version.
Instructions for updating:
Please use `layer.__call__` method instead.
WARNING:tensorflow:From /home/lizhuo/workspace/GEM/gem_mujoco/stable_baselines/common/tf_layers.py:57: dense (from tensorflow.python.layers.core) is deprecated and will be removed in a future version.
Instructions for updating:
Use keras.layers.Dense instead.
WARNING:tensorflow:From /home/lizhuo/workspace/GEM/gem_mujoco/stable_baselines/td3/td3_mem_rcs.py:147: The name tf.random_normal is deprecated. Please use tf.random.normal instead.

WARNING:tensorflow:From /home/lizhuo/workspace/GEM/gem_mujoco/stable_baselines/td3/td3_mem_rcs.py:212: The name tf.train.AdamOptimizer is deprecated. Please use tf.compat.v1.train.AdamOptimizer instead.

WARNING:tensorflow:From /home/lizhuo/workspace/GEM/gem_mujoco/stable_baselines/common/tf_util.py:449: The name tf.get_collection is deprecated. Please use tf.compat.v1.get_collection instead.

WARNING:tensorflow:From /home/lizhuo/workspace/GEM/gem_mujoco/stable_baselines/common/tf_util.py:449: The name tf.GraphKeys is deprecated. Please use tf.compat.v1.GraphKeys instead.

WARNING:tensorflow:From /home/lizhuo/workspace/GEM/gem_mujoco/stable_baselines/td3/td3_mem_rcs.py:235: The name tf.assign is deprecated. Please use tf.compat.v1.assign instead.

WARNING:tensorflow:From /home/lizhuo/miniconda/envs/gem/lib/python3.7/site-packages/tensorflow_core/python/ops/math_grad.py:1375: where (from tensorflow.python.ops.array_ops) is deprecated and will be removed in a future version.
Instructions for updating:
Use tf.where in 2.0, which has the same broadcast rule as np.where
WARNING:tensorflow:From /home/lizhuo/workspace/GEM/gem_mujoco/stable_baselines/td3/td3_mem_rcs.py:260: The name tf.summary.scalar is deprecated. Please use tf.compat.v1.summary.scalar instead.

WARNING:tensorflow:From /home/lizhuo/workspace/GEM/gem_mujoco/stable_baselines/td3/td3_mem_rcs.py:270: The name tf.global_variables_initializer is deprecated. Please use tf.compat.v1.global_variables_initializer instead.

WARNING:tensorflow:From /home/lizhuo/workspace/GEM/gem_mujoco/stable_baselines/td3/td3_mem_rcs.py:273: The name tf.summary.merge_all is deprecated. Please use tf.compat.v1.summary.merge_all instead.

{'env_type': 'mujoco', 'comment': 'swimmer_rcs_0', 'num_timesteps': 400001, 'max_steps': 1000, 'order': 1, 'grid_num': 10, 'decay': 0.1, 'state_min': -10.0, 'state_max': 10.0, 'mode': 'state_action'}
RCS Agent Here
TD3 Update Memory Many Agent here
here (?, 1)
model building finished
----------------------------------------
| eval mean 100 episod... | 24.3       |
| eval_abs_qs_difference  | 2.4517791  |
| eval_discount_q         | 7.83       |
| eval_ep_rewmean         | 24         |
| eval_eplenmean          | 1e+03      |
| eval_qs                 | -0.5595046 |
| eval_qs_difference      | -2.19      |
| eval_time_elapsed       | 30         |
| total timesteps         | 1          |
----------------------------------------
############################################################
Abstract states number :	 928
Average states score :	 0.0
Queue size :	 0
min and max proceed -12.733870140036395 10
############################################################
############################################################
Abstract states number :	 1696
Average states score :	 0.5182948255592625
Queue size :	 0
min and max proceed -12.733870140036395 26.25061385913069
############################################################
############################################################
Abstract states number :	 2373
Average states score :	 0.5173629355948656
Queue size :	 0
min and max proceed -12.733870140036395 26.25061385913069
############################################################
############################################################
Abstract states number :	 2988
Average states score :	 0.4153532755473893
Queue size :	 0
min and max proceed -12.733870140036395 26.25061385913069
############################################################
----------------------------------------
| act_time                | 0          |
| current_lr              | 0.0003     |
| discount_q              | -5.14e-14  |
| env_time                | 6          |
| ep_rewmean              | 3.4        |
| episodes                | 4          |
| eplenmean               | 1e+03      |
| fps                     | 90         |
| mean 100 episode reward | 3.4        |
| n_updates               | 0          |
| qs_abs_difference       | 3.21       |
| qs_difference           | 1.33       |
| qs_mean                 | 0.62404174 |
| time_elapsed            | 43         |
| total timesteps         | 4000       |
| train_time              | 0          |
| update_time             | 3          |
----------------------------------------
############################################################
Abstract states number :	 3588
Average states score :	 0.32183640342277636
Queue size :	 0
min and max proceed -21.184788333958142 26.25061385913069
############################################################
############################################################
Abstract states number :	 4118
Average states score :	 0.32984926874573883
Queue size :	 0
min and max proceed -21.184788333958142 26.25061385913069
############################################################
############################################################
Abstract states number :	 4525
Average states score :	 0.36147105685303504
Queue size :	 0
min and max proceed -21.184788333958142 26.25061385913069
############################################################
############################################################
Abstract states number :	 5026
Average states score :	 0.3638626029427044
Queue size :	 0
min and max proceed -21.184788333958142 26.25061385913069
############################################################
---------------------------------------
| act_time                | 1         |
| current_lr              | 0.0003    |
| discount_q              | -1.32e-13 |
| env_time                | 12        |
| ep_rewmean              | -1.59     |
| episodes                | 8         |
| eplenmean               | 1e+03     |
| fps                     | 128       |
| mean 100 episode reward | -1.6      |
| n_updates               | 0         |
| qs_abs_difference       | 4.18      |
| qs_difference           | 0.842     |
| qs_mean                 | 0.570135  |
| time_elapsed            | 62        |
| total timesteps         | 8000      |
| train_time              | 0         |
| update_time             | 13        |
---------------------------------------
############################################################
Abstract states number :	 5469
Average states score :	 0.3731951571314519
Queue size :	 0
min and max proceed -21.184788333958142 26.25061385913069
############################################################
############################################################
Abstract states number :	 5879
Average states score :	 0.38269500391055
Queue size :	 0
min and max proceed -21.184788333958142 26.25061385913069
############################################################
----------------------------------------
| eval mean 100 episod... | 24.6       |
| eval_abs_qs_difference  | 2.2971044  |
| eval_discount_q         | 10         |
| eval_ep_rewmean         | 25.3       |
| eval_eplenmean          | 1e+03      |
| eval_qs                 | -0.5606357 |
| eval_qs_difference      | -2.1       |
| eval_time_elapsed       | 31         |
| total timesteps         | 10001      |
----------------------------------------
############################################################
Abstract states number :	 6245
Average states score :	 0.39973845287336607
Queue size :	 0
min and max proceed -21.184788333958142 26.25061385913069
############################################################
############################################################
Abstract states number :	 6583
Average states score :	 0.4103832209666762
Queue size :	 0
min and max proceed -21.184788333958142 26.25061385913069
############################################################
---------------------------------------
| act_time                | 1         |
| current_lr              | 0.0003    |
| discount_q              | 2.88e-13  |
| env_time                | 19        |
| ep_rewmean              | -0.121    |
| episodes                | 12        |
| eplenmean               | 1e+03     |
| fps                     | 101       |
| mean 100 episode reward | -0.1      |
| n_updates               | 0         |
| qs_abs_difference       | 3.41      |
| qs_difference           | 0.558     |
| qs_mean                 | 0.6061605 |
| time_elapsed            | 117       |
| total timesteps         | 12000     |
| train_time              | 0         |
| update_time             | 30        |
---------------------------------------
############################################################
Abstract states number :	 6898
Average states score :	 0.4234337646469618
Queue size :	 0
min and max proceed -21.184788333958142 26.25061385913069
############################################################
############################################################
Abstract states number :	 7225
Average states score :	 0.4467109796369505
Queue size :	 0
min and max proceed -21.184788333958142 26.25061385913069
############################################################
############################################################
Abstract states number :	 7524
Average states score :	 0.44746452778143925
Queue size :	 0
min and max proceed -21.184788333958142 26.25061385913069
############################################################
############################################################
Abstract states number :	 7914
Average states score :	 0.49181074040926953
Queue size :	 0
min and max proceed -21.184788333958142 33.626158769852836
############################################################
---------------------------------------
| act_time                | 2         |
| current_lr              | 0.0003    |
| discount_q              | -3.11e-13 |
| env_time                | 25        |
| ep_rewmean              | 3.35      |
| episodes                | 16        |
| eplenmean               | 1e+03     |
| fps                     | 107       |
| mean 100 episode reward | 3.3       |
| n_updates               | 0         |
| qs_abs_difference       | 5.88      |
| qs_difference           | -3.14     |
| qs_mean                 | 0.6008581 |
| time_elapsed            | 148       |
| total timesteps         | 16000     |
| train_time              | 0         |
| update_time             | 53        |
---------------------------------------
############################################################
Abstract states number :	 8180
Average states score :	 0.48958853986972944
Queue size :	 0
min and max proceed -21.184788333958142 33.626158769852836
############################################################
############################################################
Abstract states number :	 8423
Average states score :	 0.48320507445840616
Queue size :	 0
min and max proceed -21.184788333958142 33.626158769852836
############################################################
############################################################
Abstract states number :	 8711
Average states score :	 0.459902603449805
Queue size :	 0
min and max proceed -21.184788333958142 33.626158769852836
############################################################
############################################################
Abstract states number :	 9013
Average states score :	 0.43497982767065185
Queue size :	 0
min and max proceed -21.184788333958142 33.626158769852836
############################################################
---------------------------------------
| act_time                | 3         |
| current_lr              | 0.0003    |
| discount_q              | 4.57e-15  |
| env_time                | 31        |
| ep_rewmean              | 1.34      |
| episodes                | 20        |
| eplenmean               | 1e+03     |
| fps                     | 107       |
| mean 100 episode reward | 1.3       |
| n_updates               | 0         |
| qs_abs_difference       | 4.58      |
| qs_difference           | 2.51      |
| qs_mean                 | 0.5314182 |
| time_elapsed            | 186       |
| total timesteps         | 20000     |
| train_time              | 0         |
| update_time             | 82        |
---------------------------------------
-----------------------------------------
| eval mean 100 episod... | 24.6        |
| eval_abs_qs_difference  | 2.3576918   |
| eval_discount_q         | 8.9         |
| eval_ep_rewmean         | 24.6        |
| eval_eplenmean          | 1e+03       |
| eval_qs                 | -0.55913687 |
| eval_qs_difference      | -2.13       |
| eval_time_elapsed       | 31          |
| total timesteps         | 20001       |
-----------------------------------------
############################################################
Abstract states number :	 9245
Average states score :	 0.4399861728904881
Queue size :	 0
min and max proceed -21.184788333958142 33.626158769852836
############################################################
############################################################
Abstract states number :	 9456
Average states score :	 0.42272709475912096
Queue size :	 0
min and max proceed -21.184788333958142 33.626158769852836
############################################################
############################################################
Abstract states number :	 9733
Average states score :	 0.42585428985711554
Queue size :	 0
min and max proceed -21.184788333958142 33.626158769852836
############################################################
############################################################
Abstract states number :	 9911
Average states score :	 0.4211078977204368
Queue size :	 0
min and max proceed -21.184788333958142 33.626158769852836
############################################################
---------------------------------------
| act_time                | 3         |
| current_lr              | 0.0003    |
| discount_q              | -5.06e-14 |
| env_time                | 37        |
| ep_rewmean              | 0.877     |
| episodes                | 24        |
| eplenmean               | 1e+03     |
| fps                     | 92        |
| mean 100 episode reward | 0.9       |
| n_updates               | 0         |
| qs_abs_difference       | 2.84      |
| qs_difference           | 0.938     |
| qs_mean                 | 0.5496645 |
| time_elapsed            | 260       |
| total timesteps         | 24000     |
| train_time              | 0         |
| update_time             | 117       |
---------------------------------------
############################################################
Abstract states number :	 10134
Average states score :	 0.40712691003684853
Queue size :	 0
min and max proceed -21.184788333958142 33.626158769852836
############################################################
############################################################
Abstract states number :	 10213
Average states score :	 0.4070513451889944
Queue size :	 0
min and max proceed -21.184788333958142 33.626158769852836
############################################################
